<?xml version="1.0" encoding="UTF-8"?>
<!-- Generated by org.testng.reporters.JUnitReportReporter -->
<testsuite hostname="DESKTOP-6TCTHJ3" failures="0" tests="2" name="tests.SingleAuthorTest" time="3.538" errors="0" timestamp="2024-06-02T21:37:11 EEST" skipped="0">
  <testcase classname="tests.SingleAuthorTest" name="explicitWait" time="2.939"/>
  <system-out/>
  <testcase classname="tests.SingleAuthorTest" name="checkText" time="0.599"/>
  <system-out/>
</testsuite> <!-- tests.SingleAuthorTest -->
