<?xml version="1.0" encoding="UTF-8"?>
<!-- Generated by org.testng.reporters.JUnitReportReporter -->
<testsuite hostname="DESKTOP-6TCTHJ3" failures="0" tests="1" name="tests.ActionClassExample2" time="6.328" errors="0" timestamp="2024-06-13T12:17:14 EEST" skipped="0">
  <testcase classname="tests.ActionClassExample2" name="sendKeysExample2" time="6.328"/>
  <system-out/>
</testsuite> <!-- tests.ActionClassExample2 -->
