<?xml version="1.0" encoding="UTF-8"?>
<!-- Generated by org.testng.reporters.JUnitReportReporter -->
<testsuite hostname="DESKTOP-6TCTHJ3" failures="0" tests="1" name="tests.TheWickedKingTest" time="3.475" errors="0" timestamp="2024-06-13T12:09:41 EEST" skipped="0">
  <testcase classname="tests.TheWickedKingTest" name="checkTextAndpictures" time="3.475"/>
  <system-out/>
</testsuite> <!-- tests.TheWickedKingTest -->
